<?xml version="1.0" encoding="UTF-8"?>
<!-- Generated by org.testng.reporters.JUnitReportReporter -->
<testsuite skipped="0" hostname="DESKTOP-PCU4PVQ" name="com.example.springbootderby.SpringBootDerbyApplicationTests" tests="3" failures="0" timestamp="2021-05-15T10:23:30 BST" time="25.752" errors="0">
  <testcase name="contextLoads" time="8.600" classname="com.example.springbootderby.SpringBootDerbyApplicationTests"/>
  <testcase name="addValidCard" time="8.558" classname="com.example.springbootderby.SpringBootDerbyApplicationTests"/>
  <testcase name="addInvalidCard" time="8.594" classname="com.example.springbootderby.SpringBootDerbyApplicationTests"/>
</testsuite> <!-- com.example.springbootderby.SpringBootDerbyApplicationTests -->
